2025-12-23 19:29:32,531 - INFO - Loading model for G [checkpoints/best.pth] ...
2025-12-23 19:29:33,833 - WARNING - Params [rvt_model.mdl.backbone.stages.0.downsample_cf2cl.conv.weight] will not optimize.
2025-12-23 19:29:33,833 - WARNING - Params [rvt_model.mdl.backbone.stages.0.downsample_cf2cl.norm.weight] will not optimize.
2025-12-23 19:29:33,833 - WARNING - Params [rvt_model.mdl.backbone.stages.0.downsample_cf2cl.norm.bias] will not optimize.
2025-12-23 19:29:33,833 - WARNING - Params [rvt_model.mdl.backbone.stages.0.att_blocks.0.att_window.self_attn.qkv.weight] will not optimize.
2025-12-23 19:29:33,833 - WARNING - Params [rvt_model.mdl.backbone.stages.0.att_blocks.0.att_window.self_attn.qkv.bias] will not optimize.
2025-12-23 19:29:33,833 - WARNING - Params [rvt_model.mdl.backbone.stages.0.att_blocks.0.att_window.self_attn.proj.weight] will not optimize.
2025-12-23 19:29:33,833 - WARNING - Params [rvt_model.mdl.backbone.stages.0.att_blocks.0.att_window.self_attn.proj.bias] will not optimize.
2025-12-23 19:29:33,833 - WARNING - Params [rvt_model.mdl.backbone.stages.0.att_blocks.0.att_window.ls1.gamma] will not optimize.
2025-12-23 19:29:33,833 - WARNING - Params [rvt_model.mdl.backbone.stages.0.att_blocks.0.att_window.norm2.weight] will not optimize.
2025-12-23 19:29:33,833 - WARNING - Params [rvt_model.mdl.backbone.stages.0.att_blocks.0.att_window.norm2.bias] will not optimize.
2025-12-23 19:29:33,833 - WARNING - Params [rvt_model.mdl.backbone.stages.0.att_blocks.0.att_window.mlp.net.0.0.weight] will not optimize.
2025-12-23 19:29:33,833 - WARNING - Params [rvt_model.mdl.backbone.stages.0.att_blocks.0.att_window.mlp.net.0.0.bias] will not optimize.
2025-12-23 19:29:33,833 - WARNING - Params [rvt_model.mdl.backbone.stages.0.att_blocks.0.att_window.mlp.net.2.weight] will not optimize.
2025-12-23 19:29:33,834 - WARNING - Params [rvt_model.mdl.backbone.stages.0.att_blocks.0.att_window.mlp.net.2.bias] will not optimize.
2025-12-23 19:29:33,834 - WARNING - Params [rvt_model.mdl.backbone.stages.0.att_blocks.0.att_window.ls2.gamma] will not optimize.
2025-12-23 19:29:33,834 - WARNING - Params [rvt_model.mdl.backbone.stages.0.att_blocks.0.att_grid.norm1.weight] will not optimize.
2025-12-23 19:29:33,834 - WARNING - Params [rvt_model.mdl.backbone.stages.0.att_blocks.0.att_grid.norm1.bias] will not optimize.
2025-12-23 19:29:33,834 - WARNING - Params [rvt_model.mdl.backbone.stages.0.att_blocks.0.att_grid.self_attn.qkv.weight] will not optimize.
2025-12-23 19:29:33,834 - WARNING - Params [rvt_model.mdl.backbone.stages.0.att_blocks.0.att_grid.self_attn.qkv.bias] will not optimize.
2025-12-23 19:29:33,834 - WARNING - Params [rvt_model.mdl.backbone.stages.0.att_blocks.0.att_grid.self_attn.proj.weight] will not optimize.
2025-12-23 19:29:33,834 - WARNING - Params [rvt_model.mdl.backbone.stages.0.att_blocks.0.att_grid.self_attn.proj.bias] will not optimize.
2025-12-23 19:29:33,834 - WARNING - Params [rvt_model.mdl.backbone.stages.0.att_blocks.0.att_grid.ls1.gamma] will not optimize.
2025-12-23 19:29:33,834 - WARNING - Params [rvt_model.mdl.backbone.stages.0.att_blocks.0.att_grid.norm2.weight] will not optimize.
2025-12-23 19:29:33,834 - WARNING - Params [rvt_model.mdl.backbone.stages.0.att_blocks.0.att_grid.norm2.bias] will not optimize.
2025-12-23 19:29:33,834 - WARNING - Params [rvt_model.mdl.backbone.stages.0.att_blocks.0.att_grid.mlp.net.0.0.weight] will not optimize.
2025-12-23 19:29:33,834 - WARNING - Params [rvt_model.mdl.backbone.stages.0.att_blocks.0.att_grid.mlp.net.0.0.bias] will not optimize.
2025-12-23 19:29:33,834 - WARNING - Params [rvt_model.mdl.backbone.stages.0.att_blocks.0.att_grid.mlp.net.2.weight] will not optimize.
2025-12-23 19:29:33,834 - WARNING - Params [rvt_model.mdl.backbone.stages.0.att_blocks.0.att_grid.mlp.net.2.bias] will not optimize.
2025-12-23 19:29:33,834 - WARNING - Params [rvt_model.mdl.backbone.stages.0.att_blocks.0.att_grid.ls2.gamma] will not optimize.
2025-12-23 19:29:33,834 - WARNING - Params [rvt_model.mdl.backbone.stages.0.lstm.conv1x1.weight] will not optimize.
2025-12-23 19:29:33,834 - WARNING - Params [rvt_model.mdl.backbone.stages.0.lstm.conv1x1.bias] will not optimize.
2025-12-23 19:29:33,834 - WARNING - Params [rvt_model.mdl.backbone.stages.1.downsample_cf2cl.conv.weight] will not optimize.
2025-12-23 19:29:33,834 - WARNING - Params [rvt_model.mdl.backbone.stages.1.downsample_cf2cl.norm.weight] will not optimize.
2025-12-23 19:29:33,834 - WARNING - Params [rvt_model.mdl.backbone.stages.1.downsample_cf2cl.norm.bias] will not optimize.
2025-12-23 19:29:33,834 - WARNING - Params [rvt_model.mdl.backbone.stages.1.att_blocks.0.att_window.self_attn.qkv.weight] will not optimize.
2025-12-23 19:29:33,834 - WARNING - Params [rvt_model.mdl.backbone.stages.1.att_blocks.0.att_window.self_attn.qkv.bias] will not optimize.
2025-12-23 19:29:33,834 - WARNING - Params [rvt_model.mdl.backbone.stages.1.att_blocks.0.att_window.self_attn.proj.weight] will not optimize.
2025-12-23 19:29:33,834 - WARNING - Params [rvt_model.mdl.backbone.stages.1.att_blocks.0.att_window.self_attn.proj.bias] will not optimize.
2025-12-23 19:29:33,834 - WARNING - Params [rvt_model.mdl.backbone.stages.1.att_blocks.0.att_window.ls1.gamma] will not optimize.
2025-12-23 19:29:33,834 - WARNING - Params [rvt_model.mdl.backbone.stages.1.att_blocks.0.att_window.norm2.weight] will not optimize.
2025-12-23 19:29:33,834 - WARNING - Params [rvt_model.mdl.backbone.stages.1.att_blocks.0.att_window.norm2.bias] will not optimize.
2025-12-23 19:29:33,834 - WARNING - Params [rvt_model.mdl.backbone.stages.1.att_blocks.0.att_window.mlp.net.0.0.weight] will not optimize.
2025-12-23 19:29:33,834 - WARNING - Params [rvt_model.mdl.backbone.stages.1.att_blocks.0.att_window.mlp.net.0.0.bias] will not optimize.
2025-12-23 19:29:33,834 - WARNING - Params [rvt_model.mdl.backbone.stages.1.att_blocks.0.att_window.mlp.net.2.weight] will not optimize.
2025-12-23 19:29:33,834 - WARNING - Params [rvt_model.mdl.backbone.stages.1.att_blocks.0.att_window.mlp.net.2.bias] will not optimize.
2025-12-23 19:29:33,834 - WARNING - Params [rvt_model.mdl.backbone.stages.1.att_blocks.0.att_window.ls2.gamma] will not optimize.
2025-12-23 19:29:33,834 - WARNING - Params [rvt_model.mdl.backbone.stages.1.att_blocks.0.att_grid.norm1.weight] will not optimize.
2025-12-23 19:29:33,835 - WARNING - Params [rvt_model.mdl.backbone.stages.1.att_blocks.0.att_grid.norm1.bias] will not optimize.
2025-12-23 19:29:33,835 - WARNING - Params [rvt_model.mdl.backbone.stages.1.att_blocks.0.att_grid.self_attn.qkv.weight] will not optimize.
2025-12-23 19:29:33,835 - WARNING - Params [rvt_model.mdl.backbone.stages.1.att_blocks.0.att_grid.self_attn.qkv.bias] will not optimize.
2025-12-23 19:29:33,835 - WARNING - Params [rvt_model.mdl.backbone.stages.1.att_blocks.0.att_grid.self_attn.proj.weight] will not optimize.
2025-12-23 19:29:33,835 - WARNING - Params [rvt_model.mdl.backbone.stages.1.att_blocks.0.att_grid.self_attn.proj.bias] will not optimize.
2025-12-23 19:29:33,835 - WARNING - Params [rvt_model.mdl.backbone.stages.1.att_blocks.0.att_grid.ls1.gamma] will not optimize.
2025-12-23 19:29:33,835 - WARNING - Params [rvt_model.mdl.backbone.stages.1.att_blocks.0.att_grid.norm2.weight] will not optimize.
2025-12-23 19:29:33,835 - WARNING - Params [rvt_model.mdl.backbone.stages.1.att_blocks.0.att_grid.norm2.bias] will not optimize.
2025-12-23 19:29:33,835 - WARNING - Params [rvt_model.mdl.backbone.stages.1.att_blocks.0.att_grid.mlp.net.0.0.weight] will not optimize.
2025-12-23 19:29:33,835 - WARNING - Params [rvt_model.mdl.backbone.stages.1.att_blocks.0.att_grid.mlp.net.0.0.bias] will not optimize.
2025-12-23 19:29:33,835 - WARNING - Params [rvt_model.mdl.backbone.stages.1.att_blocks.0.att_grid.mlp.net.2.weight] will not optimize.
2025-12-23 19:29:33,835 - WARNING - Params [rvt_model.mdl.backbone.stages.1.att_blocks.0.att_grid.mlp.net.2.bias] will not optimize.
2025-12-23 19:29:33,835 - WARNING - Params [rvt_model.mdl.backbone.stages.1.att_blocks.0.att_grid.ls2.gamma] will not optimize.
2025-12-23 19:29:33,835 - WARNING - Params [rvt_model.mdl.backbone.stages.1.lstm.conv1x1.weight] will not optimize.
2025-12-23 19:29:33,835 - WARNING - Params [rvt_model.mdl.backbone.stages.1.lstm.conv1x1.bias] will not optimize.
2025-12-23 19:29:33,835 - WARNING - Params [rvt_model.mdl.backbone.stages.2.downsample_cf2cl.conv.weight] will not optimize.
2025-12-23 19:29:33,835 - WARNING - Params [rvt_model.mdl.backbone.stages.2.downsample_cf2cl.norm.weight] will not optimize.
2025-12-23 19:29:33,835 - WARNING - Params [rvt_model.mdl.backbone.stages.2.downsample_cf2cl.norm.bias] will not optimize.
2025-12-23 19:29:33,835 - WARNING - Params [rvt_model.mdl.backbone.stages.2.att_blocks.0.att_window.self_attn.qkv.weight] will not optimize.
2025-12-23 19:29:33,835 - WARNING - Params [rvt_model.mdl.backbone.stages.2.att_blocks.0.att_window.self_attn.qkv.bias] will not optimize.
2025-12-23 19:29:33,835 - WARNING - Params [rvt_model.mdl.backbone.stages.2.att_blocks.0.att_window.self_attn.proj.weight] will not optimize.
2025-12-23 19:29:33,835 - WARNING - Params [rvt_model.mdl.backbone.stages.2.att_blocks.0.att_window.self_attn.proj.bias] will not optimize.
2025-12-23 19:29:33,835 - WARNING - Params [rvt_model.mdl.backbone.stages.2.att_blocks.0.att_window.ls1.gamma] will not optimize.
2025-12-23 19:29:33,835 - WARNING - Params [rvt_model.mdl.backbone.stages.2.att_blocks.0.att_window.norm2.weight] will not optimize.
2025-12-23 19:29:33,835 - WARNING - Params [rvt_model.mdl.backbone.stages.2.att_blocks.0.att_window.norm2.bias] will not optimize.
2025-12-23 19:29:33,835 - WARNING - Params [rvt_model.mdl.backbone.stages.2.att_blocks.0.att_window.mlp.net.0.0.weight] will not optimize.
2025-12-23 19:29:33,835 - WARNING - Params [rvt_model.mdl.backbone.stages.2.att_blocks.0.att_window.mlp.net.0.0.bias] will not optimize.
2025-12-23 19:29:33,835 - WARNING - Params [rvt_model.mdl.backbone.stages.2.att_blocks.0.att_window.mlp.net.2.weight] will not optimize.
2025-12-23 19:29:33,835 - WARNING - Params [rvt_model.mdl.backbone.stages.2.att_blocks.0.att_window.mlp.net.2.bias] will not optimize.
2025-12-23 19:29:33,835 - WARNING - Params [rvt_model.mdl.backbone.stages.2.att_blocks.0.att_window.ls2.gamma] will not optimize.
2025-12-23 19:29:33,835 - WARNING - Params [rvt_model.mdl.backbone.stages.2.att_blocks.0.att_grid.norm1.weight] will not optimize.
2025-12-23 19:29:33,835 - WARNING - Params [rvt_model.mdl.backbone.stages.2.att_blocks.0.att_grid.norm1.bias] will not optimize.
2025-12-23 19:29:33,835 - WARNING - Params [rvt_model.mdl.backbone.stages.2.att_blocks.0.att_grid.self_attn.qkv.weight] will not optimize.
2025-12-23 19:29:33,835 - WARNING - Params [rvt_model.mdl.backbone.stages.2.att_blocks.0.att_grid.self_attn.qkv.bias] will not optimize.
2025-12-23 19:29:33,835 - WARNING - Params [rvt_model.mdl.backbone.stages.2.att_blocks.0.att_grid.self_attn.proj.weight] will not optimize.
2025-12-23 19:29:33,835 - WARNING - Params [rvt_model.mdl.backbone.stages.2.att_blocks.0.att_grid.self_attn.proj.bias] will not optimize.
2025-12-23 19:29:33,836 - WARNING - Params [rvt_model.mdl.backbone.stages.2.att_blocks.0.att_grid.ls1.gamma] will not optimize.
2025-12-23 19:29:33,836 - WARNING - Params [rvt_model.mdl.backbone.stages.2.att_blocks.0.att_grid.norm2.weight] will not optimize.
2025-12-23 19:29:33,836 - WARNING - Params [rvt_model.mdl.backbone.stages.2.att_blocks.0.att_grid.norm2.bias] will not optimize.
2025-12-23 19:29:33,836 - WARNING - Params [rvt_model.mdl.backbone.stages.2.att_blocks.0.att_grid.mlp.net.0.0.weight] will not optimize.
2025-12-23 19:29:33,836 - WARNING - Params [rvt_model.mdl.backbone.stages.2.att_blocks.0.att_grid.mlp.net.0.0.bias] will not optimize.
2025-12-23 19:29:33,836 - WARNING - Params [rvt_model.mdl.backbone.stages.2.att_blocks.0.att_grid.mlp.net.2.weight] will not optimize.
2025-12-23 19:29:33,836 - WARNING - Params [rvt_model.mdl.backbone.stages.2.att_blocks.0.att_grid.mlp.net.2.bias] will not optimize.
2025-12-23 19:29:33,836 - WARNING - Params [rvt_model.mdl.backbone.stages.2.att_blocks.0.att_grid.ls2.gamma] will not optimize.
2025-12-23 19:29:33,836 - WARNING - Params [rvt_model.mdl.backbone.stages.2.lstm.conv1x1.weight] will not optimize.
2025-12-23 19:29:33,836 - WARNING - Params [rvt_model.mdl.backbone.stages.2.lstm.conv1x1.bias] will not optimize.
2025-12-23 19:29:33,836 - WARNING - Params [rvt_model.mdl.backbone.stages.3.downsample_cf2cl.conv.weight] will not optimize.
2025-12-23 19:29:33,836 - WARNING - Params [rvt_model.mdl.backbone.stages.3.downsample_cf2cl.norm.weight] will not optimize.
2025-12-23 19:29:33,836 - WARNING - Params [rvt_model.mdl.backbone.stages.3.downsample_cf2cl.norm.bias] will not optimize.
2025-12-23 19:29:33,836 - WARNING - Params [rvt_model.mdl.backbone.stages.3.att_blocks.0.att_window.self_attn.qkv.weight] will not optimize.
2025-12-23 19:29:33,836 - WARNING - Params [rvt_model.mdl.backbone.stages.3.att_blocks.0.att_window.self_attn.qkv.bias] will not optimize.
2025-12-23 19:29:33,836 - WARNING - Params [rvt_model.mdl.backbone.stages.3.att_blocks.0.att_window.self_attn.proj.weight] will not optimize.
2025-12-23 19:29:33,836 - WARNING - Params [rvt_model.mdl.backbone.stages.3.att_blocks.0.att_window.self_attn.proj.bias] will not optimize.
2025-12-23 19:29:33,836 - WARNING - Params [rvt_model.mdl.backbone.stages.3.att_blocks.0.att_window.ls1.gamma] will not optimize.
2025-12-23 19:29:33,836 - WARNING - Params [rvt_model.mdl.backbone.stages.3.att_blocks.0.att_window.norm2.weight] will not optimize.
2025-12-23 19:29:33,836 - WARNING - Params [rvt_model.mdl.backbone.stages.3.att_blocks.0.att_window.norm2.bias] will not optimize.
2025-12-23 19:29:33,836 - WARNING - Params [rvt_model.mdl.backbone.stages.3.att_blocks.0.att_window.mlp.net.0.0.weight] will not optimize.
2025-12-23 19:29:33,836 - WARNING - Params [rvt_model.mdl.backbone.stages.3.att_blocks.0.att_window.mlp.net.0.0.bias] will not optimize.
2025-12-23 19:29:33,836 - WARNING - Params [rvt_model.mdl.backbone.stages.3.att_blocks.0.att_window.mlp.net.2.weight] will not optimize.
2025-12-23 19:29:33,836 - WARNING - Params [rvt_model.mdl.backbone.stages.3.att_blocks.0.att_window.mlp.net.2.bias] will not optimize.
2025-12-23 19:29:33,836 - WARNING - Params [rvt_model.mdl.backbone.stages.3.att_blocks.0.att_window.ls2.gamma] will not optimize.
2025-12-23 19:29:33,836 - WARNING - Params [rvt_model.mdl.backbone.stages.3.att_blocks.0.att_grid.norm1.weight] will not optimize.
2025-12-23 19:29:33,836 - WARNING - Params [rvt_model.mdl.backbone.stages.3.att_blocks.0.att_grid.norm1.bias] will not optimize.
2025-12-23 19:29:33,836 - WARNING - Params [rvt_model.mdl.backbone.stages.3.att_blocks.0.att_grid.self_attn.qkv.weight] will not optimize.
2025-12-23 19:29:33,836 - WARNING - Params [rvt_model.mdl.backbone.stages.3.att_blocks.0.att_grid.self_attn.qkv.bias] will not optimize.
2025-12-23 19:29:33,836 - WARNING - Params [rvt_model.mdl.backbone.stages.3.att_blocks.0.att_grid.self_attn.proj.weight] will not optimize.
2025-12-23 19:29:33,836 - WARNING - Params [rvt_model.mdl.backbone.stages.3.att_blocks.0.att_grid.self_attn.proj.bias] will not optimize.
2025-12-23 19:29:33,836 - WARNING - Params [rvt_model.mdl.backbone.stages.3.att_blocks.0.att_grid.ls1.gamma] will not optimize.
2025-12-23 19:29:33,836 - WARNING - Params [rvt_model.mdl.backbone.stages.3.att_blocks.0.att_grid.norm2.weight] will not optimize.
2025-12-23 19:29:33,836 - WARNING - Params [rvt_model.mdl.backbone.stages.3.att_blocks.0.att_grid.norm2.bias] will not optimize.
2025-12-23 19:29:33,837 - WARNING - Params [rvt_model.mdl.backbone.stages.3.att_blocks.0.att_grid.mlp.net.0.0.weight] will not optimize.
2025-12-23 19:29:33,837 - WARNING - Params [rvt_model.mdl.backbone.stages.3.att_blocks.0.att_grid.mlp.net.0.0.bias] will not optimize.
2025-12-23 19:29:33,837 - WARNING - Params [rvt_model.mdl.backbone.stages.3.att_blocks.0.att_grid.mlp.net.2.weight] will not optimize.
2025-12-23 19:29:33,837 - WARNING - Params [rvt_model.mdl.backbone.stages.3.att_blocks.0.att_grid.mlp.net.2.bias] will not optimize.
2025-12-23 19:29:33,837 - WARNING - Params [rvt_model.mdl.backbone.stages.3.att_blocks.0.att_grid.ls2.gamma] will not optimize.
2025-12-23 19:29:33,837 - WARNING - Params [rvt_model.mdl.backbone.stages.3.lstm.conv1x1.weight] will not optimize.
2025-12-23 19:29:33,837 - WARNING - Params [rvt_model.mdl.backbone.stages.3.lstm.conv1x1.bias] will not optimize.
2025-12-23 19:29:33,837 - WARNING - Params [rvt_model.mdl.fpn.lateral_conv0.conv.weight] will not optimize.
2025-12-23 19:29:33,837 - WARNING - Params [rvt_model.mdl.fpn.lateral_conv0.bn.weight] will not optimize.
2025-12-23 19:29:33,837 - WARNING - Params [rvt_model.mdl.fpn.lateral_conv0.bn.bias] will not optimize.
2025-12-23 19:29:33,837 - WARNING - Params [rvt_model.mdl.fpn.C3_p4.conv1.conv.weight] will not optimize.
2025-12-23 19:29:33,837 - WARNING - Params [rvt_model.mdl.fpn.C3_p4.conv1.bn.weight] will not optimize.
2025-12-23 19:29:33,837 - WARNING - Params [rvt_model.mdl.fpn.C3_p4.conv1.bn.bias] will not optimize.
2025-12-23 19:29:33,837 - WARNING - Params [rvt_model.mdl.fpn.C3_p4.conv2.conv.weight] will not optimize.
2025-12-23 19:29:33,837 - WARNING - Params [rvt_model.mdl.fpn.C3_p4.conv2.bn.weight] will not optimize.
2025-12-23 19:29:33,837 - WARNING - Params [rvt_model.mdl.fpn.C3_p4.conv2.bn.bias] will not optimize.
2025-12-23 19:29:33,837 - WARNING - Params [rvt_model.mdl.fpn.C3_p4.conv3.conv.weight] will not optimize.
2025-12-23 19:29:33,837 - WARNING - Params [rvt_model.mdl.fpn.C3_p4.conv3.bn.weight] will not optimize.
2025-12-23 19:29:33,837 - WARNING - Params [rvt_model.mdl.fpn.C3_p4.conv3.bn.bias] will not optimize.
2025-12-23 19:29:33,837 - WARNING - Params [rvt_model.mdl.fpn.C3_p4.m.0.conv1.conv.weight] will not optimize.
2025-12-23 19:29:33,837 - WARNING - Params [rvt_model.mdl.fpn.C3_p4.m.0.conv1.bn.weight] will not optimize.
2025-12-23 19:29:33,837 - WARNING - Params [rvt_model.mdl.fpn.C3_p4.m.0.conv1.bn.bias] will not optimize.
2025-12-23 19:29:33,837 - WARNING - Params [rvt_model.mdl.fpn.C3_p4.m.0.conv2.conv.weight] will not optimize.
2025-12-23 19:29:33,837 - WARNING - Params [rvt_model.mdl.fpn.C3_p4.m.0.conv2.bn.weight] will not optimize.
2025-12-23 19:29:33,837 - WARNING - Params [rvt_model.mdl.fpn.C3_p4.m.0.conv2.bn.bias] will not optimize.
2025-12-23 19:29:33,837 - WARNING - Params [rvt_model.mdl.fpn.C3_p4.m.1.conv1.conv.weight] will not optimize.
2025-12-23 19:29:33,837 - WARNING - Params [rvt_model.mdl.fpn.C3_p4.m.1.conv1.bn.weight] will not optimize.
2025-12-23 19:29:33,837 - WARNING - Params [rvt_model.mdl.fpn.C3_p4.m.1.conv1.bn.bias] will not optimize.
2025-12-23 19:29:33,837 - WARNING - Params [rvt_model.mdl.fpn.C3_p4.m.1.conv2.conv.weight] will not optimize.
2025-12-23 19:29:33,837 - WARNING - Params [rvt_model.mdl.fpn.C3_p4.m.1.conv2.bn.weight] will not optimize.
2025-12-23 19:29:33,837 - WARNING - Params [rvt_model.mdl.fpn.C3_p4.m.1.conv2.bn.bias] will not optimize.
2025-12-23 19:29:33,837 - WARNING - Params [rvt_model.mdl.fpn.reduce_conv1.conv.weight] will not optimize.
2025-12-23 19:29:33,837 - WARNING - Params [rvt_model.mdl.fpn.reduce_conv1.bn.weight] will not optimize.
2025-12-23 19:29:33,837 - WARNING - Params [rvt_model.mdl.fpn.reduce_conv1.bn.bias] will not optimize.
2025-12-23 19:29:33,837 - WARNING - Params [rvt_model.mdl.fpn.C3_p3.conv1.conv.weight] will not optimize.
2025-12-23 19:29:33,837 - WARNING - Params [rvt_model.mdl.fpn.C3_p3.conv1.bn.weight] will not optimize.
2025-12-23 19:29:33,838 - WARNING - Params [rvt_model.mdl.fpn.C3_p3.conv1.bn.bias] will not optimize.
2025-12-23 19:29:33,838 - WARNING - Params [rvt_model.mdl.fpn.C3_p3.conv2.conv.weight] will not optimize.
2025-12-23 19:29:33,838 - WARNING - Params [rvt_model.mdl.fpn.C3_p3.conv2.bn.weight] will not optimize.
2025-12-23 19:29:33,838 - WARNING - Params [rvt_model.mdl.fpn.C3_p3.conv2.bn.bias] will not optimize.
2025-12-23 19:29:33,838 - WARNING - Params [rvt_model.mdl.fpn.C3_p3.conv3.conv.weight] will not optimize.
2025-12-23 19:29:33,838 - WARNING - Params [rvt_model.mdl.fpn.C3_p3.conv3.bn.weight] will not optimize.
2025-12-23 19:29:33,838 - WARNING - Params [rvt_model.mdl.fpn.C3_p3.conv3.bn.bias] will not optimize.
2025-12-23 19:29:33,838 - WARNING - Params [rvt_model.mdl.fpn.C3_p3.m.0.conv1.conv.weight] will not optimize.
2025-12-23 19:29:33,838 - WARNING - Params [rvt_model.mdl.fpn.C3_p3.m.0.conv1.bn.weight] will not optimize.
2025-12-23 19:29:33,838 - WARNING - Params [rvt_model.mdl.fpn.C3_p3.m.0.conv1.bn.bias] will not optimize.
2025-12-23 19:29:33,838 - WARNING - Params [rvt_model.mdl.fpn.C3_p3.m.0.conv2.conv.weight] will not optimize.
2025-12-23 19:29:33,838 - WARNING - Params [rvt_model.mdl.fpn.C3_p3.m.0.conv2.bn.weight] will not optimize.
2025-12-23 19:29:33,838 - WARNING - Params [rvt_model.mdl.fpn.C3_p3.m.0.conv2.bn.bias] will not optimize.
2025-12-23 19:29:33,838 - WARNING - Params [rvt_model.mdl.fpn.C3_p3.m.1.conv1.conv.weight] will not optimize.
2025-12-23 19:29:33,838 - WARNING - Params [rvt_model.mdl.fpn.C3_p3.m.1.conv1.bn.weight] will not optimize.
2025-12-23 19:29:33,838 - WARNING - Params [rvt_model.mdl.fpn.C3_p3.m.1.conv1.bn.bias] will not optimize.
2025-12-23 19:29:33,838 - WARNING - Params [rvt_model.mdl.fpn.C3_p3.m.1.conv2.conv.weight] will not optimize.
2025-12-23 19:29:33,838 - WARNING - Params [rvt_model.mdl.fpn.C3_p3.m.1.conv2.bn.weight] will not optimize.
2025-12-23 19:29:33,838 - WARNING - Params [rvt_model.mdl.fpn.C3_p3.m.1.conv2.bn.bias] will not optimize.
2025-12-23 19:29:33,838 - WARNING - Params [rvt_model.mdl.fpn.bu_conv2.conv.weight] will not optimize.
2025-12-23 19:29:33,838 - WARNING - Params [rvt_model.mdl.fpn.bu_conv2.bn.weight] will not optimize.
2025-12-23 19:29:33,838 - WARNING - Params [rvt_model.mdl.fpn.bu_conv2.bn.bias] will not optimize.
2025-12-23 19:29:33,838 - WARNING - Params [rvt_model.mdl.fpn.C3_n3.conv1.conv.weight] will not optimize.
2025-12-23 19:29:33,838 - WARNING - Params [rvt_model.mdl.fpn.C3_n3.conv1.bn.weight] will not optimize.
2025-12-23 19:29:33,838 - WARNING - Params [rvt_model.mdl.fpn.C3_n3.conv1.bn.bias] will not optimize.
2025-12-23 19:29:33,838 - WARNING - Params [rvt_model.mdl.fpn.C3_n3.conv2.conv.weight] will not optimize.
2025-12-23 19:29:33,838 - WARNING - Params [rvt_model.mdl.fpn.C3_n3.conv2.bn.weight] will not optimize.
2025-12-23 19:29:33,838 - WARNING - Params [rvt_model.mdl.fpn.C3_n3.conv2.bn.bias] will not optimize.
2025-12-23 19:29:33,838 - WARNING - Params [rvt_model.mdl.fpn.C3_n3.conv3.conv.weight] will not optimize.
2025-12-23 19:29:33,838 - WARNING - Params [rvt_model.mdl.fpn.C3_n3.conv3.bn.weight] will not optimize.
2025-12-23 19:29:33,838 - WARNING - Params [rvt_model.mdl.fpn.C3_n3.conv3.bn.bias] will not optimize.
2025-12-23 19:29:33,838 - WARNING - Params [rvt_model.mdl.fpn.C3_n3.m.0.conv1.conv.weight] will not optimize.
2025-12-23 19:29:33,838 - WARNING - Params [rvt_model.mdl.fpn.C3_n3.m.0.conv1.bn.weight] will not optimize.
2025-12-23 19:29:33,838 - WARNING - Params [rvt_model.mdl.fpn.C3_n3.m.0.conv1.bn.bias] will not optimize.
2025-12-23 19:29:33,838 - WARNING - Params [rvt_model.mdl.fpn.C3_n3.m.0.conv2.conv.weight] will not optimize.
2025-12-23 19:29:33,838 - WARNING - Params [rvt_model.mdl.fpn.C3_n3.m.0.conv2.bn.weight] will not optimize.
2025-12-23 19:29:33,839 - WARNING - Params [rvt_model.mdl.fpn.C3_n3.m.0.conv2.bn.bias] will not optimize.
2025-12-23 19:29:33,839 - WARNING - Params [rvt_model.mdl.fpn.C3_n3.m.1.conv1.conv.weight] will not optimize.
2025-12-23 19:29:33,839 - WARNING - Params [rvt_model.mdl.fpn.C3_n3.m.1.conv1.bn.weight] will not optimize.
2025-12-23 19:29:33,839 - WARNING - Params [rvt_model.mdl.fpn.C3_n3.m.1.conv1.bn.bias] will not optimize.
2025-12-23 19:29:33,839 - WARNING - Params [rvt_model.mdl.fpn.C3_n3.m.1.conv2.conv.weight] will not optimize.
2025-12-23 19:29:33,839 - WARNING - Params [rvt_model.mdl.fpn.C3_n3.m.1.conv2.bn.weight] will not optimize.
2025-12-23 19:29:33,839 - WARNING - Params [rvt_model.mdl.fpn.C3_n3.m.1.conv2.bn.bias] will not optimize.
2025-12-23 19:29:33,839 - WARNING - Params [rvt_model.mdl.fpn.bu_conv1.conv.weight] will not optimize.
2025-12-23 19:29:33,839 - WARNING - Params [rvt_model.mdl.fpn.bu_conv1.bn.weight] will not optimize.
2025-12-23 19:29:33,839 - WARNING - Params [rvt_model.mdl.fpn.bu_conv1.bn.bias] will not optimize.
2025-12-23 19:29:33,839 - WARNING - Params [rvt_model.mdl.fpn.C3_n4.conv1.conv.weight] will not optimize.
2025-12-23 19:29:33,839 - WARNING - Params [rvt_model.mdl.fpn.C3_n4.conv1.bn.weight] will not optimize.
2025-12-23 19:29:33,839 - WARNING - Params [rvt_model.mdl.fpn.C3_n4.conv1.bn.bias] will not optimize.
2025-12-23 19:29:33,839 - WARNING - Params [rvt_model.mdl.fpn.C3_n4.conv2.conv.weight] will not optimize.
2025-12-23 19:29:33,839 - WARNING - Params [rvt_model.mdl.fpn.C3_n4.conv2.bn.weight] will not optimize.
2025-12-23 19:29:33,839 - WARNING - Params [rvt_model.mdl.fpn.C3_n4.conv2.bn.bias] will not optimize.
2025-12-23 19:29:33,839 - WARNING - Params [rvt_model.mdl.fpn.C3_n4.conv3.conv.weight] will not optimize.
2025-12-23 19:29:33,839 - WARNING - Params [rvt_model.mdl.fpn.C3_n4.conv3.bn.weight] will not optimize.
2025-12-23 19:29:33,839 - WARNING - Params [rvt_model.mdl.fpn.C3_n4.conv3.bn.bias] will not optimize.
2025-12-23 19:29:33,839 - WARNING - Params [rvt_model.mdl.fpn.C3_n4.m.0.conv1.conv.weight] will not optimize.
2025-12-23 19:29:33,839 - WARNING - Params [rvt_model.mdl.fpn.C3_n4.m.0.conv1.bn.weight] will not optimize.
2025-12-23 19:29:33,839 - WARNING - Params [rvt_model.mdl.fpn.C3_n4.m.0.conv1.bn.bias] will not optimize.
2025-12-23 19:29:33,839 - WARNING - Params [rvt_model.mdl.fpn.C3_n4.m.0.conv2.conv.weight] will not optimize.
2025-12-23 19:29:33,839 - WARNING - Params [rvt_model.mdl.fpn.C3_n4.m.0.conv2.bn.weight] will not optimize.
2025-12-23 19:29:33,839 - WARNING - Params [rvt_model.mdl.fpn.C3_n4.m.0.conv2.bn.bias] will not optimize.
2025-12-23 19:29:33,839 - WARNING - Params [rvt_model.mdl.fpn.C3_n4.m.1.conv1.conv.weight] will not optimize.
2025-12-23 19:29:33,839 - WARNING - Params [rvt_model.mdl.fpn.C3_n4.m.1.conv1.bn.weight] will not optimize.
2025-12-23 19:29:33,839 - WARNING - Params [rvt_model.mdl.fpn.C3_n4.m.1.conv1.bn.bias] will not optimize.
2025-12-23 19:29:33,839 - WARNING - Params [rvt_model.mdl.fpn.C3_n4.m.1.conv2.conv.weight] will not optimize.
2025-12-23 19:29:33,839 - WARNING - Params [rvt_model.mdl.fpn.C3_n4.m.1.conv2.bn.weight] will not optimize.
2025-12-23 19:29:33,839 - WARNING - Params [rvt_model.mdl.fpn.C3_n4.m.1.conv2.bn.bias] will not optimize.
2025-12-23 19:29:33,839 - WARNING - Params [rvt_model.mdl.yolox_head.cls_convs.0.0.conv.weight] will not optimize.
2025-12-23 19:29:33,839 - WARNING - Params [rvt_model.mdl.yolox_head.cls_convs.0.0.bn.weight] will not optimize.
2025-12-23 19:29:33,839 - WARNING - Params [rvt_model.mdl.yolox_head.cls_convs.0.0.bn.bias] will not optimize.
2025-12-23 19:29:33,839 - WARNING - Params [rvt_model.mdl.yolox_head.cls_convs.0.1.conv.weight] will not optimize.
2025-12-23 19:29:33,840 - WARNING - Params [rvt_model.mdl.yolox_head.cls_convs.0.1.bn.weight] will not optimize.
2025-12-23 19:29:33,840 - WARNING - Params [rvt_model.mdl.yolox_head.cls_convs.0.1.bn.bias] will not optimize.
2025-12-23 19:29:33,840 - WARNING - Params [rvt_model.mdl.yolox_head.cls_convs.1.0.conv.weight] will not optimize.
2025-12-23 19:29:33,840 - WARNING - Params [rvt_model.mdl.yolox_head.cls_convs.1.0.bn.weight] will not optimize.
2025-12-23 19:29:33,840 - WARNING - Params [rvt_model.mdl.yolox_head.cls_convs.1.0.bn.bias] will not optimize.
2025-12-23 19:29:33,840 - WARNING - Params [rvt_model.mdl.yolox_head.cls_convs.1.1.conv.weight] will not optimize.
2025-12-23 19:29:33,840 - WARNING - Params [rvt_model.mdl.yolox_head.cls_convs.1.1.bn.weight] will not optimize.
2025-12-23 19:29:33,840 - WARNING - Params [rvt_model.mdl.yolox_head.cls_convs.1.1.bn.bias] will not optimize.
2025-12-23 19:29:33,840 - WARNING - Params [rvt_model.mdl.yolox_head.cls_convs.2.0.conv.weight] will not optimize.
2025-12-23 19:29:33,840 - WARNING - Params [rvt_model.mdl.yolox_head.cls_convs.2.0.bn.weight] will not optimize.
2025-12-23 19:29:33,840 - WARNING - Params [rvt_model.mdl.yolox_head.cls_convs.2.0.bn.bias] will not optimize.
2025-12-23 19:29:33,840 - WARNING - Params [rvt_model.mdl.yolox_head.cls_convs.2.1.conv.weight] will not optimize.
2025-12-23 19:29:33,840 - WARNING - Params [rvt_model.mdl.yolox_head.cls_convs.2.1.bn.weight] will not optimize.
2025-12-23 19:29:33,840 - WARNING - Params [rvt_model.mdl.yolox_head.cls_convs.2.1.bn.bias] will not optimize.
2025-12-23 19:29:33,840 - WARNING - Params [rvt_model.mdl.yolox_head.reg_convs.0.0.conv.weight] will not optimize.
2025-12-23 19:29:33,840 - WARNING - Params [rvt_model.mdl.yolox_head.reg_convs.0.0.bn.weight] will not optimize.
2025-12-23 19:29:33,840 - WARNING - Params [rvt_model.mdl.yolox_head.reg_convs.0.0.bn.bias] will not optimize.
2025-12-23 19:29:33,840 - WARNING - Params [rvt_model.mdl.yolox_head.reg_convs.0.1.conv.weight] will not optimize.
2025-12-23 19:29:33,840 - WARNING - Params [rvt_model.mdl.yolox_head.reg_convs.0.1.bn.weight] will not optimize.
2025-12-23 19:29:33,840 - WARNING - Params [rvt_model.mdl.yolox_head.reg_convs.0.1.bn.bias] will not optimize.
2025-12-23 19:29:33,840 - WARNING - Params [rvt_model.mdl.yolox_head.reg_convs.1.0.conv.weight] will not optimize.
2025-12-23 19:29:33,840 - WARNING - Params [rvt_model.mdl.yolox_head.reg_convs.1.0.bn.weight] will not optimize.
2025-12-23 19:29:33,840 - WARNING - Params [rvt_model.mdl.yolox_head.reg_convs.1.0.bn.bias] will not optimize.
2025-12-23 19:29:33,840 - WARNING - Params [rvt_model.mdl.yolox_head.reg_convs.1.1.conv.weight] will not optimize.
2025-12-23 19:29:33,840 - WARNING - Params [rvt_model.mdl.yolox_head.reg_convs.1.1.bn.weight] will not optimize.
2025-12-23 19:29:33,840 - WARNING - Params [rvt_model.mdl.yolox_head.reg_convs.1.1.bn.bias] will not optimize.
2025-12-23 19:29:33,840 - WARNING - Params [rvt_model.mdl.yolox_head.reg_convs.2.0.conv.weight] will not optimize.
2025-12-23 19:29:33,840 - WARNING - Params [rvt_model.mdl.yolox_head.reg_convs.2.0.bn.weight] will not optimize.
2025-12-23 19:29:33,840 - WARNING - Params [rvt_model.mdl.yolox_head.reg_convs.2.0.bn.bias] will not optimize.
2025-12-23 19:29:33,840 - WARNING - Params [rvt_model.mdl.yolox_head.reg_convs.2.1.conv.weight] will not optimize.
2025-12-23 19:29:33,840 - WARNING - Params [rvt_model.mdl.yolox_head.reg_convs.2.1.bn.weight] will not optimize.
2025-12-23 19:29:33,840 - WARNING - Params [rvt_model.mdl.yolox_head.reg_convs.2.1.bn.bias] will not optimize.
2025-12-23 19:29:33,840 - WARNING - Params [rvt_model.mdl.yolox_head.cls_preds.0.weight] will not optimize.
2025-12-23 19:29:33,840 - WARNING - Params [rvt_model.mdl.yolox_head.cls_preds.0.bias] will not optimize.
2025-12-23 19:29:33,840 - WARNING - Params [rvt_model.mdl.yolox_head.cls_preds.1.weight] will not optimize.
2025-12-23 19:29:33,840 - WARNING - Params [rvt_model.mdl.yolox_head.cls_preds.1.bias] will not optimize.
2025-12-23 19:29:33,841 - WARNING - Params [rvt_model.mdl.yolox_head.cls_preds.2.weight] will not optimize.
2025-12-23 19:29:33,841 - WARNING - Params [rvt_model.mdl.yolox_head.cls_preds.2.bias] will not optimize.
2025-12-23 19:29:33,841 - WARNING - Params [rvt_model.mdl.yolox_head.reg_preds.0.weight] will not optimize.
2025-12-23 19:29:33,841 - WARNING - Params [rvt_model.mdl.yolox_head.reg_preds.0.bias] will not optimize.
2025-12-23 19:29:33,841 - WARNING - Params [rvt_model.mdl.yolox_head.reg_preds.1.weight] will not optimize.
2025-12-23 19:29:33,841 - WARNING - Params [rvt_model.mdl.yolox_head.reg_preds.1.bias] will not optimize.
2025-12-23 19:29:33,841 - WARNING - Params [rvt_model.mdl.yolox_head.reg_preds.2.weight] will not optimize.
2025-12-23 19:29:33,841 - WARNING - Params [rvt_model.mdl.yolox_head.reg_preds.2.bias] will not optimize.
2025-12-23 19:29:33,841 - WARNING - Params [rvt_model.mdl.yolox_head.obj_preds.0.weight] will not optimize.
2025-12-23 19:29:33,841 - WARNING - Params [rvt_model.mdl.yolox_head.obj_preds.0.bias] will not optimize.
2025-12-23 19:29:33,841 - WARNING - Params [rvt_model.mdl.yolox_head.obj_preds.1.weight] will not optimize.
2025-12-23 19:29:33,841 - WARNING - Params [rvt_model.mdl.yolox_head.obj_preds.1.bias] will not optimize.
2025-12-23 19:29:33,841 - WARNING - Params [rvt_model.mdl.yolox_head.obj_preds.2.weight] will not optimize.
2025-12-23 19:29:33,841 - WARNING - Params [rvt_model.mdl.yolox_head.obj_preds.2.bias] will not optimize.
2025-12-23 19:29:33,841 - WARNING - Params [rvt_model.mdl.yolox_head.stems.0.conv.weight] will not optimize.
2025-12-23 19:29:33,841 - WARNING - Params [rvt_model.mdl.yolox_head.stems.0.bn.weight] will not optimize.
2025-12-23 19:29:33,841 - WARNING - Params [rvt_model.mdl.yolox_head.stems.0.bn.bias] will not optimize.
2025-12-23 19:29:33,841 - WARNING - Params [rvt_model.mdl.yolox_head.stems.1.conv.weight] will not optimize.
2025-12-23 19:29:33,841 - WARNING - Params [rvt_model.mdl.yolox_head.stems.1.bn.weight] will not optimize.
2025-12-23 19:29:33,841 - WARNING - Params [rvt_model.mdl.yolox_head.stems.1.bn.bias] will not optimize.
2025-12-23 19:29:33,841 - WARNING - Params [rvt_model.mdl.yolox_head.stems.2.conv.weight] will not optimize.
2025-12-23 19:29:33,841 - WARNING - Params [rvt_model.mdl.yolox_head.stems.2.bn.weight] will not optimize.
2025-12-23 19:29:33,841 - WARNING - Params [rvt_model.mdl.yolox_head.stems.2.bn.bias] will not optimize.
2025-12-23 19:29:33,841 - INFO - Model [attack_basic_model] is created.
2025-12-23 19:29:33,842 - INFO - cell_size: 10 
2025-12-23 19:29:45,406 - INFO - Number of val images in [cmu]: 999
2025-12-23 19:54:30,396 - INFO - avg_attack_success_rate(higher better): 1
2025-12-23 19:54:30,397 - INFO - seq_attack_success_rate(higher better): 0.2982982982982983
